<?xml version="1.0" encoding="UTF-8"?>
<testng-results skipped="0" failed="1" total="7" passed="6">
  <reporter-output>
  </reporter-output>
  <suite name="Default suite" duration-ms="11700" started-at="2020-05-30T22:53:38Z" finished-at="2020-05-30T22:53:50Z">
    <groups>
    </groups>
    <test name="Default test" duration-ms="11700" started-at="2020-05-30T22:53:38Z" finished-at="2020-05-30T22:53:50Z">
      <class name="GETREQ">
        <test-method status="PASS" signature="checkAuthorizationTest()[pri:0, instance:GETREQ@29ee9faa]" name="checkAuthorizationTest" duration-ms="6941" started-at="2020-05-31T04:23:38Z" finished-at="2020-05-31T04:23:45Z">
          <reporter-output>
          </reporter-output>
        </test-method> <!-- checkAuthorizationTest -->
        <test-method status="PASS" signature="createUserTest()[pri:0, instance:GETREQ@29ee9faa]" name="createUserTest" duration-ms="916" started-at="2020-05-31T04:23:45Z" finished-at="2020-05-31T04:23:46Z">
          <reporter-output>
          </reporter-output>
        </test-method> <!-- createUserTest -->
        <test-method status="PASS" signature="deleteUserTest()[pri:0, instance:GETREQ@29ee9faa]" name="deleteUserTest" duration-ms="892" started-at="2020-05-31T04:23:46Z" finished-at="2020-05-31T04:23:47Z">
          <reporter-output>
          </reporter-output>
        </test-method> <!-- deleteUserTest -->
        <test-method status="PASS" signature="getUserDetailsTest()[pri:0, instance:GETREQ@29ee9faa]" name="getUserDetailsTest" duration-ms="762" started-at="2020-05-31T04:23:47Z" finished-at="2020-05-31T04:23:48Z">
          <reporter-output>
          </reporter-output>
        </test-method> <!-- getUserDetailsTest -->
        <test-method status="PASS" signature="getweather()[pri:0, instance:GETREQ@29ee9faa]" name="getweather" duration-ms="1261" started-at="2020-05-31T04:23:48Z" finished-at="2020-05-31T04:23:49Z">
          <reporter-output>
          </reporter-output>
        </test-method> <!-- getweather -->
        <test-method status="FAIL" signature="readfile()[pri:0, instance:GETREQ@29ee9faa]" name="readfile" duration-ms="0" started-at="2020-05-31T04:23:49Z" finished-at="2020-05-31T04:23:49Z">
          <exception class="java.io.FileNotFoundException">
            <message>
              <![CDATA[C:\TEST AUTOMATIO\mytest.txt (The system cannot find the path specified)]]>
            </message>
            <full-stacktrace>
              <![CDATA[java.io.FileNotFoundException: C:\TEST AUTOMATIO\mytest.txt (The system cannot find the path specified)
	at java.io.FileInputStream.open0(Native Method)
	at java.io.FileInputStream.open(FileInputStream.java:195)
	at java.io.FileInputStream.<init>(FileInputStream.java:138)
	at java.io.FileReader.<init>(FileReader.java:72)
	at GETREQ.readfile(GETREQ.java:214)
	at sun.reflect.NativeMethodAccessorImpl.invoke0(Native Method)
	at sun.reflect.NativeMethodAccessorImpl.invoke(NativeMethodAccessorImpl.java:62)
	at sun.reflect.DelegatingMethodAccessorImpl.invoke(DelegatingMethodAccessorImpl.java:43)
	at java.lang.reflect.Method.invoke(Method.java:498)
	at org.testng.internal.MethodInvocationHelper.invokeMethod(MethodInvocationHelper.java:100)
	at org.testng.internal.Invoker.invokeMethod(Invoker.java:646)
	at org.testng.internal.Invoker.invokeTestMethod(Invoker.java:811)
	at org.testng.internal.Invoker.invokeTestMethods(Invoker.java:1129)
	at org.testng.internal.TestMethodWorker.invokeTestMethods(TestMethodWorker.java:129)
	at org.testng.internal.TestMethodWorker.run(TestMethodWorker.java:112)
	at org.testng.TestRunner.privateRun(TestRunner.java:746)
	at org.testng.TestRunner.run(TestRunner.java:600)
	at org.testng.SuiteRunner.runTest(SuiteRunner.java:366)
	at org.testng.SuiteRunner.runSequentially(SuiteRunner.java:361)
	at org.testng.SuiteRunner.privateRun(SuiteRunner.java:319)
	at org.testng.SuiteRunner.run(SuiteRunner.java:268)
	at org.testng.SuiteRunnerWorker.runSuite(SuiteRunnerWorker.java:52)
	at org.testng.SuiteRunnerWorker.run(SuiteRunnerWorker.java:86)
	at org.testng.TestNG.runSuitesSequentially(TestNG.java:1264)
	at org.testng.TestNG.runSuitesLocally(TestNG.java:1189)
	at org.testng.TestNG.runSuites(TestNG.java:1104)
	at org.testng.TestNG.run(TestNG.java:1076)
	at org.testng.remote.AbstractRemoteTestNG.run(AbstractRemoteTestNG.java:126)
	at org.testng.remote.RemoteTestNG.initAndRun(RemoteTestNG.java:152)
	at org.testng.remote.RemoteTestNG.main(RemoteTestNG.java:57)
]]>
            </full-stacktrace>
          </exception> <!-- java.io.FileNotFoundException -->
          <reporter-output>
          </reporter-output>
        </test-method> <!-- readfile -->
        <test-method status="PASS" signature="updateUserDetailsTest()[pri:0, instance:GETREQ@29ee9faa]" name="updateUserDetailsTest" duration-ms="843" started-at="2020-05-31T04:23:49Z" finished-at="2020-05-31T04:23:50Z">
          <reporter-output>
          </reporter-output>
        </test-method> <!-- updateUserDetailsTest -->
      </class> <!-- GETREQ -->
    </test> <!-- Default test -->
  </suite> <!-- Default suite -->
</testng-results>
