<?xml version="1.0" encoding="UTF-8"?>
<!-- Generated by org.testng.reporters.JUnitXMLReporter -->
<testsuite ignored="0" hostname="DESKTOP-IS92IDC" failures="0" tests="5" name="Default test" time="7.836" errors="0" timestamp="2024-08-31T23:46:28 IST">
  <testcase classname="RestAssured.FirstReq" name="testHasKeyAssertion" time="4.682"/>
  <testcase classname="RestAssured.FirstReq" name="testMultipleAssertStatement" time="0.283"/>
  <testcase classname="RestAssured.FirstReq" name="testNotAssertions" time="0.303"/>
  <testcase classname="RestAssured.FirstReq" name="testNotNullAssertions" time="0.185"/>
  <testcase classname="RestAssured.FirstReq" name="testStringAssertions" time="0.313"/>
</testsuite> <!-- Default test -->
