<?xml version="1.0" encoding="UTF-8"?>
<!-- Generated by org.testng.reporters.JUnitXMLReporter -->
<testsuite ignored="0" hostname="DESKTOP-IS92IDC" failures="0" tests="5" name="Default test" time="10.454" errors="0" timestamp="2024-05-12T14:00:02 IST">
  <testcase classname="RestAssured.FirstReq" name="testHasKeyAssertion" time="5.167"/>
  <testcase classname="RestAssured.FirstReq" name="testMultipleAssertStatement" time="0.757"/>
  <testcase classname="RestAssured.FirstReq" name="testNotAssertions" time="0.625"/>
  <testcase classname="RestAssured.FirstReq" name="testNotNullAssertions" time="0.501"/>
  <testcase classname="RestAssured.FirstReq" name="testStringAssertions" time="0.598"/>
</testsuite> <!-- Default test -->
