<?xml version="1.0" encoding="UTF-8"?>
<!-- Generated by org.testng.reporters.JUnitXMLReporter -->
<testsuite hostname="DESKTOP-SGAKA4V" tests="6" failures="0" timestamp="23 May 2020 20:40:27 GMT" time="14.023" errors="0">
  <testcase name="checkAuthorizationTest" time="9.85" classname="GETREQ"/>
  <testcase name="createUserTest" time="1.073" classname="GETREQ"/>
  <testcase name="deleteUserTest" time="0.709" classname="GETREQ"/>
  <testcase name="getUserDetailsTest" time="0.66" classname="GETREQ"/>
  <testcase name="getweather" time="0.934" classname="GETREQ"/>
  <testcase name="updateUserDetailsTest" time="0.735" classname="GETREQ"/>
</testsuite>
